{
"contracts/MarshaPlus.sol":{"l":{"41":49,"53":48,"54":48,"55":48,"56":48,"57":48,"58":48,"59":48,"60":48,"62":48,"63":48,"66":48,"69":48,"70":48,"73":48,"76":48,"79":48,"82":48,"85":48,"88":48,"91":48,"98":2,"99":1,"101":1,"103":1,"105":1,"107":1,"109":1,"117":3,"121":1,"122":1,"124":1,"125":1},"path":"/home/slavic/WORK/MarshaPlusSolidityContract/contracts/MarshaPlus.sol","s":{"1":49,"2":48,"3":48,"4":48,"5":48,"6":48,"7":48,"8":48,"9":48,"10":48,"11":2,"12":1,"13":1,"14":1,"15":1,"16":1,"17":1,"18":3,"19":1,"20":1,"21":1},"b":{"1":[48,1],"2":[1,1],"3":[1,2]},"f":{"1":49,"2":2,"3":3},"fnMap":{"1":{"name":"constructor","line":40,"loc":{"start":{"line":31,"column":4},"end":{"line":92,"column":4}}},"2":{"name":"teamRewardAfter3Years","line":97,"loc":{"start":{"line":97,"column":4},"end":{"line":111,"column":4}}},"3":{"name":"burnIfNeeded","line":116,"loc":{"start":{"line":116,"column":4},"end":{"line":127,"column":4}}}},"statementMap":{"1":{"start":{"line":41,"column":8},"end":{"line":41,"column":1105}},"2":{"start":{"line":66,"column":8},"end":{"line":66,"column":43}},"3":{"start":{"line":69,"column":8},"end":{"line":69,"column":73}},"4":{"start":{"line":73,"column":8},"end":{"line":73,"column":70}},"5":{"start":{"line":76,"column":8},"end":{"line":76,"column":73}},"6":{"start":{"line":79,"column":8},"end":{"line":79,"column":74}},"7":{"start":{"line":82,"column":8},"end":{"line":82,"column":72}},"8":{"start":{"line":85,"column":8},"end":{"line":85,"column":72}},"9":{"start":{"line":88,"column":8},"end":{"line":88,"column":70}},"10":{"start":{"line":91,"column":8},"end":{"line":91,"column":72}},"11":{"start":{"line":98,"column":8},"end":{"line":98,"column":3139}},"12":{"start":{"line":99,"column":12},"end":{"line":99,"column":75}},"13":{"start":{"line":101,"column":12},"end":{"line":101,"column":77}},"14":{"start":{"line":103,"column":12},"end":{"line":103,"column":78}},"15":{"start":{"line":105,"column":12},"end":{"line":105,"column":76}},"16":{"start":{"line":107,"column":12},"end":{"line":107,"column":74}},"17":{"start":{"line":109,"column":12},"end":{"line":109,"column":76}},"18":{"start":{"line":117,"column":8},"end":{"line":117,"column":3895}},"19":{"start":{"line":121,"column":12},"end":{"line":121,"column":57}},"20":{"start":{"line":122,"column":12},"end":{"line":122,"column":4119}},"21":{"start":{"line":124,"column":12},"end":{"line":124,"column":41}}},"branchMap":{"1":{"line":41,"type":"if","locations":[{"start":{"line":41,"column":8},"end":{"line":41,"column":8}},{"start":{"line":41,"column":8},"end":{"line":41,"column":8}}]},"2":{"line":98,"type":"if","locations":[{"start":{"line":98,"column":8},"end":{"line":98,"column":8}},{"start":{"line":98,"column":8},"end":{"line":98,"column":8}}]},"3":{"line":117,"type":"if","locations":[{"start":{"line":117,"column":8},"end":{"line":117,"column":8}},{"start":{"line":117,"column":8},"end":{"line":117,"column":8}}]}}}}
