TN:
SF:/home/slavic/WORK/MarshaPlusSolidityContract/contracts/MarshaPlus.sol
FN:40,constructor
FN:97,teamRewardAfter3Years
FN:116,burnIfNeeded
FNF:3
FNH:3
FNDA:49,constructor
FNDA:2,teamRewardAfter3Years
FNDA:3,burnIfNeeded
DA:41,49
DA:53,48
DA:54,48
DA:55,48
DA:56,48
DA:57,48
DA:58,48
DA:59,48
DA:60,48
DA:62,48
DA:63,48
DA:66,48
DA:69,48
DA:70,48
DA:73,48
DA:76,48
DA:79,48
DA:82,48
DA:85,48
DA:88,48
DA:91,48
DA:98,2
DA:99,1
DA:101,1
DA:103,1
DA:105,1
DA:107,1
DA:109,1
DA:117,3
DA:121,1
DA:122,1
DA:124,1
DA:125,1
LF:33
LH:33
BRDA:41,1,0,48
BRDA:41,1,1,1
BRDA:98,2,0,1
BRDA:98,2,1,1
BRDA:117,3,0,1
BRDA:117,3,1,2
BRF:6
BRH:6
end_of_record
